<?xml version="1.0" encoding="UTF-8"?>
<testng-results ignored="0" total="2" passed="2" failed="0" skipped="0">
  <reporter-output>
  </reporter-output>
  <suite started-at="2023-12-10T16:19:19 IST" name="Default suite" finished-at="2023-12-10T16:19:45 IST" duration-ms="26301">
    <groups>
    </groups>
    <test started-at="2023-12-10T16:19:19 IST" name="Default test" finished-at="2023-12-10T16:19:45 IST" duration-ms="26301">
      <class name="com.testNG.SimpleAnnotationTest">
        <test-method is-config="true" signature="set_Property()[pri:0, instance:com.testNG.SimpleAnnotationTest@63376bed]" started-at="2023-12-10T16:19:19 IST" name="set_Property" finished-at="2023-12-10T16:19:19 IST" duration-ms="29" status="PASS">
          <reporter-output>
          </reporter-output>
        </test-method> <!-- set_Property -->
        <test-method is-config="true" signature="browser_Launch()[pri:0, instance:com.testNG.SimpleAnnotationTest@63376bed]" started-at="2023-12-10T16:19:19 IST" name="browser_Launch" finished-at="2023-12-10T16:19:24 IST" duration-ms="4955" status="PASS">
          <reporter-output>
          </reporter-output>
        </test-method> <!-- browser_Launch -->
        <test-method is-config="true" signature="get_Url()[pri:0, instance:com.testNG.SimpleAnnotationTest@63376bed]" started-at="2023-12-10T16:19:24 IST" name="get_Url" finished-at="2023-12-10T16:19:32 IST" duration-ms="7861" status="PASS">
          <reporter-output>
          </reporter-output>
        </test-method> <!-- get_Url -->
        <test-method is-config="true" signature="registration_Module()[pri:0, instance:com.testNG.SimpleAnnotationTest@63376bed]" started-at="2023-12-10T16:19:32 IST" name="registration_Module" finished-at="2023-12-10T16:19:33 IST" duration-ms="1313" status="PASS">
          <reporter-output>
          </reporter-output>
        </test-method> <!-- registration_Module -->
        <test-method signature="my_Itinerary()[pri:1, instance:com.testNG.SimpleAnnotationTest@63376bed]" started-at="2023-12-10T16:19:33 IST" name="my_Itinerary" finished-at="2023-12-10T16:19:34 IST" duration-ms="734" status="PASS">
          <reporter-output>
          </reporter-output>
        </test-method> <!-- my_Itinerary -->
        <test-method is-config="true" signature="log_Out()[pri:0, instance:com.testNG.SimpleAnnotationTest@63376bed]" started-at="2023-12-10T16:19:34 IST" name="log_Out" finished-at="2023-12-10T16:19:35 IST" duration-ms="1372" status="PASS">
          <reporter-output>
          </reporter-output>
        </test-method> <!-- log_Out -->
        <test-method is-config="true" signature="registration_Module()[pri:0, instance:com.testNG.SimpleAnnotationTest@63376bed]" started-at="2023-12-10T16:19:35 IST" name="registration_Module" finished-at="2023-12-10T16:19:36 IST" duration-ms="982" status="PASS">
          <reporter-output>
          </reporter-output>
        </test-method> <!-- registration_Module -->
        <test-method signature="login_In()[pri:2, instance:com.testNG.SimpleAnnotationTest@63376bed]" started-at="2023-12-10T16:19:36 IST" name="login_In" finished-at="2023-12-10T16:19:41 IST" duration-ms="4653" status="PASS">
          <reporter-output>
          </reporter-output>
        </test-method> <!-- login_In -->
        <test-method is-config="true" signature="log_Out()[pri:0, instance:com.testNG.SimpleAnnotationTest@63376bed]" started-at="2023-12-10T16:19:41 IST" name="log_Out" finished-at="2023-12-10T16:19:42 IST" duration-ms="1073" status="PASS">
          <reporter-output>
          </reporter-output>
        </test-method> <!-- log_Out -->
        <test-method is-config="true" signature="delete_All_Cookies()[pri:0, instance:com.testNG.SimpleAnnotationTest@63376bed]" started-at="2023-12-10T16:19:42 IST" name="delete_All_Cookies" finished-at="2023-12-10T16:19:42 IST" duration-ms="338" status="PASS">
          <reporter-output>
          </reporter-output>
        </test-method> <!-- delete_All_Cookies -->
        <test-method is-config="true" signature="new_Build2()[pri:0, instance:com.testNG.SimpleAnnotationTest@63376bed]" started-at="2023-12-10T16:19:42 IST" name="new_Build2" finished-at="2023-12-10T16:19:45 IST" duration-ms="2934" status="PASS">
          <reporter-output>
          </reporter-output>
        </test-method> <!-- new_Build2 -->
        <test-method is-config="true" signature="driver_Closed()[pri:0, instance:com.testNG.SimpleAnnotationTest@63376bed]" started-at="2023-12-10T16:19:45 IST" name="driver_Closed" finished-at="2023-12-10T16:19:45 IST" duration-ms="164" status="PASS">
          <reporter-output>
          </reporter-output>
        </test-method> <!-- driver_Closed -->
      </class> <!-- com.testNG.SimpleAnnotationTest -->
    </test> <!-- Default test -->
  </suite> <!-- Default suite -->
</testng-results>
